2026-04-15 15:24:50,377 - org.utils.Log - [info] - (INFO) - getting length of given number - 
2026-04-15 15:24:50,380 - org.utils.Log - [info] - (INFO) - adding the digits of number - 
2026-04-15 15:24:50,381 - org.utils.Log - [info] - (INFO) - adding the digits of number - 
2026-04-15 15:24:50,382 - org.utils.Log - [info] - (INFO) - adding the digits of number - 
2026-04-15 15:24:50,382 - org.utils.Log - [info] - (INFO) - adding the digits of number - 
2026-04-15 15:24:50,382 - org.utils.Log - [info] - (INFO) - checking if sum is equal to given number - 
2026-04-15 15:24:50,402 - org.utils.Log - [info] - (INFO) - getting length of given number - 
2026-04-15 15:24:50,404 - org.utils.Log - [info] - (INFO) - adding the digits of number - 
2026-04-15 15:24:50,405 - org.utils.Log - [info] - (INFO) - adding the digits of number - 
2026-04-15 15:24:50,405 - org.utils.Log - [info] - (INFO) - adding the digits of number - 
2026-04-15 15:24:50,405 - org.utils.Log - [info] - (INFO) - checking if sum is equal to given number - 
2026-04-15 15:24:50,407 - org.utils.Log - [info] - (INFO) - getting length of given number - 
2026-04-15 15:24:50,407 - org.utils.Log - [info] - (INFO) - checking if sum is equal to given number - 
2026-04-15 15:24:50,456 - org.utils.Log - [info] - (INFO) - getting length of given number - 
2026-04-15 15:24:50,457 - org.utils.Log - [info] - (INFO) - adding the digits of number - 
2026-04-15 15:24:50,457 - org.utils.Log - [info] - (INFO) - adding the digits of number - 
2026-04-15 15:24:50,457 - org.utils.Log - [info] - (INFO) - adding the digits of number - 
2026-04-15 15:24:50,457 - org.utils.Log - [info] - (INFO) - checking if sum is equal to given number - 
2026-04-15 15:24:50,469 - org.utils.Log - [info] - (INFO) - getting length of given number - 
2026-04-15 15:24:50,470 - org.utils.Log - [info] - (INFO) - adding the digits of number - 
2026-04-15 15:24:50,470 - org.utils.Log - [info] - (INFO) - adding the digits of number - 
2026-04-15 15:24:50,470 - org.utils.Log - [info] - (INFO) - adding the digits of number - 
2026-04-15 15:24:50,470 - org.utils.Log - [info] - (INFO) - checking if sum is equal to given number - 
2026-04-15 15:24:50,472 - org.utils.Log - [info] - (INFO) - getting length of given number - 
2026-04-15 15:24:50,473 - org.utils.Log - [info] - (INFO) - adding the digits of number - 
2026-04-15 15:24:50,473 - org.utils.Log - [info] - (INFO) - adding the digits of number - 
2026-04-15 15:24:50,473 - org.utils.Log - [info] - (INFO) - adding the digits of number - 
2026-04-15 15:24:50,473 - org.utils.Log - [info] - (INFO) - adding the digits of number - 
2026-04-15 15:24:50,474 - org.utils.Log - [info] - (INFO) - checking if sum is equal to given number - 
2026-04-15 15:24:50,477 - org.utils.Log - [info] - (INFO) - getting length of given number - 
2026-04-15 15:24:50,477 - org.utils.Log - [info] - (INFO) - checking if sum is equal to given number - 
2026-04-15 15:26:18,108 - org.utils.Log - [info] - (INFO) - getting length of given number - 
2026-04-15 15:26:18,110 - org.utils.Log - [info] - (INFO) - adding the digits of number - 
2026-04-15 15:26:18,110 - org.utils.Log - [info] - (INFO) - checking if sum is equal to given number - 
2026-04-15 15:26:18,130 - org.utils.Log - [info] - (INFO) - getting length of given number - 
2026-04-15 15:26:18,130 - org.utils.Log - [info] - (INFO) - adding the digits of number - 
2026-04-15 15:26:18,131 - org.utils.Log - [info] - (INFO) - checking if sum is equal to given number - 
2026-04-15 15:26:18,134 - org.utils.Log - [info] - (INFO) - getting length of given number - 
2026-04-15 15:26:18,134 - org.utils.Log - [info] - (INFO) - adding the digits of number - 
2026-04-15 15:26:18,134 - org.utils.Log - [info] - (INFO) - checking if sum is equal to given number - 
2026-04-15 15:26:18,184 - org.utils.Log - [info] - (INFO) - getting length of given number - 
2026-04-15 15:26:18,185 - org.utils.Log - [info] - (INFO) - adding the digits of number - 
2026-04-15 15:26:18,185 - org.utils.Log - [info] - (INFO) - checking if sum is equal to given number - 
2026-04-15 15:26:18,195 - org.utils.Log - [info] - (INFO) - getting length of given number - 
2026-04-15 15:26:18,195 - org.utils.Log - [info] - (INFO) - adding the digits of number - 
2026-04-15 15:26:18,195 - org.utils.Log - [info] - (INFO) - checking if sum is equal to given number - 
2026-04-15 15:26:18,199 - org.utils.Log - [info] - (INFO) - getting length of given number - 
2026-04-15 15:26:18,199 - org.utils.Log - [info] - (INFO) - adding the digits of number - 
2026-04-15 15:26:18,200 - org.utils.Log - [info] - (INFO) - checking if sum is equal to given number - 
2026-04-15 15:26:18,203 - org.utils.Log - [info] - (INFO) - getting length of given number - 
2026-04-15 15:26:18,204 - org.utils.Log - [info] - (INFO) - adding the digits of number - 
2026-04-15 15:26:18,204 - org.utils.Log - [info] - (INFO) - checking if sum is equal to given number - 
2026-04-15 22:37:30,995 - org.example.Armstrong - [info] - (INFO) - getting length of given number - 
2026-04-15 22:37:31,004 - org.example.Armstrong - [info] - (INFO) - adding the digits of number - 
2026-04-15 22:37:31,004 - org.example.Armstrong - [info] - (INFO) - checking if sum is equal to given number - 
2026-04-15 22:37:31,056 - org.example.Armstrong - [info] - (INFO) - getting length of given number - 
2026-04-15 22:37:31,057 - org.example.Armstrong - [info] - (INFO) - adding the digits of number - 
2026-04-15 22:37:31,058 - org.example.Armstrong - [info] - (INFO) - checking if sum is equal to given number - 
2026-04-15 22:37:31,063 - org.example.Armstrong - [info] - (INFO) - getting length of given number - 
2026-04-15 22:37:31,065 - org.example.Armstrong - [info] - (INFO) - adding the digits of number - 
2026-04-15 22:37:31,065 - org.example.Armstrong - [info] - (INFO) - checking if sum is equal to given number - 
2026-04-15 22:37:31,226 - org.example.Armstrong - [info] - (INFO) - getting length of given number - 
2026-04-15 22:37:31,227 - org.example.Armstrong - [info] - (INFO) - adding the digits of number - 
2026-04-15 22:37:31,228 - org.example.Armstrong - [info] - (INFO) - checking if sum is equal to given number - 
2026-04-15 22:37:31,257 - org.example.Armstrong - [info] - (INFO) - getting length of given number - 
2026-04-15 22:37:31,258 - org.example.Armstrong - [info] - (INFO) - adding the digits of number - 
2026-04-15 22:37:31,258 - org.example.Armstrong - [info] - (INFO) - checking if sum is equal to given number - 
2026-04-15 22:37:31,264 - org.example.Armstrong - [info] - (INFO) - getting length of given number - 
2026-04-15 22:37:31,264 - org.example.Armstrong - [info] - (INFO) - adding the digits of number - 
2026-04-15 22:37:31,265 - org.example.Armstrong - [info] - (INFO) - checking if sum is equal to given number - 
2026-04-15 22:37:31,274 - org.example.Armstrong - [info] - (INFO) - getting length of given number - 
2026-04-15 22:37:31,275 - org.example.Armstrong - [info] - (INFO) - adding the digits of number - 
2026-04-15 22:37:31,275 - org.example.Armstrong - [info] - (INFO) - checking if sum is equal to given number - 
2026-04-15 22:40:37,551 [main] INFO org.example.Armstrong - getting length of given number
2026-04-15 22:40:37,559 [main] INFO org.example.Armstrong - adding the digits of number
2026-04-15 22:40:37,559 [main] INFO org.example.Armstrong - checking if sum is equal to given number
2026-04-15 22:40:37,615 [main] INFO org.example.Armstrong - getting length of given number
2026-04-15 22:40:37,615 [main] INFO org.example.Armstrong - adding the digits of number
2026-04-15 22:40:37,615 [main] INFO org.example.Armstrong - checking if sum is equal to given number
2026-04-15 22:40:37,620 [main] INFO org.example.Armstrong - getting length of given number
2026-04-15 22:40:37,620 [main] INFO org.example.Armstrong - adding the digits of number
2026-04-15 22:40:37,620 [main] INFO org.example.Armstrong - checking if sum is equal to given number
2026-04-15 22:40:37,827 [main] INFO org.example.Armstrong - getting length of given number
2026-04-15 22:40:37,827 [main] INFO org.example.Armstrong - adding the digits of number
2026-04-15 22:40:37,827 [main] INFO org.example.Armstrong - checking if sum is equal to given number
2026-04-15 22:40:37,859 [main] INFO org.example.Armstrong - getting length of given number
2026-04-15 22:40:37,860 [main] INFO org.example.Armstrong - adding the digits of number
2026-04-15 22:40:37,860 [main] INFO org.example.Armstrong - checking if sum is equal to given number
2026-04-15 22:40:37,866 [main] INFO org.example.Armstrong - getting length of given number
2026-04-15 22:40:37,866 [main] INFO org.example.Armstrong - adding the digits of number
2026-04-15 22:40:37,866 [main] INFO org.example.Armstrong - checking if sum is equal to given number
2026-04-15 22:40:37,877 [main] INFO org.example.Armstrong - getting length of given number
2026-04-15 22:40:37,877 [main] INFO org.example.Armstrong - adding the digits of number
2026-04-15 22:40:37,877 [main] INFO org.example.Armstrong - checking if sum is equal to given number
2026-04-15 22:43:56,776 [main] INFO org.example.Armstrong - getting length of given number
2026-04-15 22:43:56,778 [main] INFO org.example.Armstrong - adding the digits of number
2026-04-15 22:43:56,779 [main] INFO org.example.Armstrong - checking if sum is equal to given number
2026-04-15 22:43:56,824 [main] INFO org.example.Armstrong - getting length of given number
2026-04-15 22:43:56,824 [main] INFO org.example.Armstrong - adding the digits of number
2026-04-15 22:43:56,824 [main] INFO org.example.Armstrong - checking if sum is equal to given number
2026-04-15 22:43:56,831 [main] INFO org.example.Armstrong - getting length of given number
2026-04-15 22:43:56,832 [main] INFO org.example.Armstrong - adding the digits of number
2026-04-15 22:43:56,832 [main] INFO org.example.Armstrong - checking if sum is equal to given number
2026-04-15 22:43:56,941 [main] INFO org.example.Armstrong - getting length of given number
2026-04-15 22:43:56,942 [main] INFO org.example.Armstrong - adding the digits of number
2026-04-15 22:43:56,942 [main] INFO org.example.Armstrong - checking if sum is equal to given number
2026-04-15 22:43:56,963 [main] INFO org.example.Armstrong - getting length of given number
2026-04-15 22:43:56,964 [main] INFO org.example.Armstrong - adding the digits of number
2026-04-15 22:43:56,964 [main] INFO org.example.Armstrong - checking if sum is equal to given number
2026-04-15 22:43:56,976 [main] INFO org.example.Armstrong - getting length of given number
2026-04-15 22:43:56,977 [main] INFO org.example.Armstrong - adding the digits of number
2026-04-15 22:43:56,978 [main] INFO org.example.Armstrong - checking if sum is equal to given number
2026-04-15 22:43:56,987 [main] INFO org.example.Armstrong - getting length of given number
2026-04-15 22:43:56,987 [main] INFO org.example.Armstrong - adding the digits of number
2026-04-15 22:43:56,987 [main] INFO org.example.Armstrong - checking if sum is equal to given number
2026-04-15 22:46:44,576 [main] INFO org.example.Armstrong - getting length of given number
2026-04-15 22:46:44,580 [main] INFO org.example.Armstrong - adding the digits of number
2026-04-15 22:46:44,581 [main] INFO org.example.Armstrong - checking if sum is equal to given number
2026-04-15 22:46:44,619 [main] INFO org.example.Armstrong - getting length of given number
2026-04-15 22:46:44,619 [main] INFO org.example.Armstrong - adding the digits of number
2026-04-15 22:46:44,620 [main] INFO org.example.Armstrong - checking if sum is equal to given number
2026-04-15 22:46:44,627 [main] INFO org.example.Armstrong - getting length of given number
2026-04-15 22:46:44,628 [main] INFO org.example.Armstrong - adding the digits of number
2026-04-15 22:46:44,629 [main] INFO org.example.Armstrong - checking if sum is equal to given number
2026-04-15 22:46:44,788 [main] INFO org.example.Armstrong - getting length of given number
2026-04-15 22:46:44,789 [main] INFO org.example.Armstrong - adding the digits of number
2026-04-15 22:46:44,789 [main] INFO org.example.Armstrong - checking if sum is equal to given number
2026-04-15 22:46:44,825 [main] INFO org.example.Armstrong - getting length of given number
2026-04-15 22:46:44,826 [main] INFO org.example.Armstrong - adding the digits of number
2026-04-15 22:46:44,826 [main] INFO org.example.Armstrong - checking if sum is equal to given number
2026-04-15 22:46:44,834 [main] INFO org.example.Armstrong - getting length of given number
2026-04-15 22:46:44,835 [main] INFO org.example.Armstrong - adding the digits of number
2026-04-15 22:46:44,835 [main] INFO org.example.Armstrong - checking if sum is equal to given number
2026-04-15 22:46:44,842 [main] INFO org.example.Armstrong - getting length of given number
2026-04-15 22:46:44,843 [main] INFO org.example.Armstrong - adding the digits of number
2026-04-15 22:46:44,843 [main] INFO org.example.Armstrong - checking if sum is equal to given number
2026-04-15 22:50:02,243 [main] INFO org.example.Armstrong - getting length of given number
2026-04-15 22:50:02,246 [main] INFO org.example.Armstrong - adding the digits of number
2026-04-15 22:50:02,246 [main] INFO org.example.Armstrong - checking if sum is equal to given number
2026-04-15 22:50:02,285 [main] INFO org.example.Armstrong - getting length of given number
2026-04-15 22:50:02,286 [main] INFO org.example.Armstrong - adding the digits of number
2026-04-15 22:50:02,286 [main] INFO org.example.Armstrong - checking if sum is equal to given number
2026-04-15 22:50:02,289 [main] INFO org.example.Armstrong - getting length of given number
2026-04-15 22:50:02,290 [main] INFO org.example.Armstrong - adding the digits of number
2026-04-15 22:50:02,290 [main] INFO org.example.Armstrong - checking if sum is equal to given number
2026-04-15 22:50:02,431 [main] INFO org.example.Armstrong - getting length of given number
2026-04-15 22:50:02,432 [main] INFO org.example.Armstrong - adding the digits of number
2026-04-15 22:50:02,432 [main] INFO org.example.Armstrong - checking if sum is equal to given number
2026-04-15 22:50:02,458 [main] INFO org.example.Armstrong - getting length of given number
2026-04-15 22:50:02,459 [main] INFO org.example.Armstrong - adding the digits of number
2026-04-15 22:50:02,459 [main] INFO org.example.Armstrong - checking if sum is equal to given number
2026-04-15 22:50:02,466 [main] INFO org.example.Armstrong - getting length of given number
2026-04-15 22:50:02,467 [main] INFO org.example.Armstrong - adding the digits of number
2026-04-15 22:50:02,467 [main] INFO org.example.Armstrong - checking if sum is equal to given number
2026-04-15 22:50:02,476 [main] INFO org.example.Armstrong - getting length of given number
2026-04-15 22:50:02,477 [main] INFO org.example.Armstrong - adding the digits of number
2026-04-15 22:50:02,478 [main] INFO org.example.Armstrong - checking if sum is equal to given number
2026-04-15 22:51:40,400 [main] INFO org.example.Armstrong - getting length of given number
2026-04-15 22:51:40,405 [main] INFO org.example.Armstrong - adding the digits of number
2026-04-15 22:51:40,405 [main] INFO org.example.Armstrong - checking if sum is equal to given number
2026-04-15 22:51:40,446 [main] INFO org.example.Armstrong - getting length of given number
2026-04-15 22:51:40,447 [main] INFO org.example.Armstrong - adding the digits of number
2026-04-15 22:51:40,447 [main] INFO org.example.Armstrong - checking if sum is equal to given number
2026-04-15 22:51:40,458 [main] INFO org.example.Armstrong - getting length of given number
2026-04-15 22:51:40,458 [main] INFO org.example.Armstrong - adding the digits of number
2026-04-15 22:51:40,458 [main] INFO org.example.Armstrong - checking if sum is equal to given number
2026-04-15 22:51:40,651 [main] INFO org.example.Armstrong - getting length of given number
2026-04-15 22:51:40,651 [main] INFO org.example.Armstrong - adding the digits of number
2026-04-15 22:51:40,652 [main] INFO org.example.Armstrong - checking if sum is equal to given number
2026-04-15 22:51:40,689 [main] INFO org.example.Armstrong - getting length of given number
2026-04-15 22:51:40,690 [main] INFO org.example.Armstrong - adding the digits of number
2026-04-15 22:51:40,691 [main] INFO org.example.Armstrong - checking if sum is equal to given number
2026-04-15 22:51:40,699 [main] INFO org.example.Armstrong - getting length of given number
2026-04-15 22:51:40,700 [main] INFO org.example.Armstrong - adding the digits of number
2026-04-15 22:51:40,700 [main] INFO org.example.Armstrong - checking if sum is equal to given number
2026-04-15 22:51:40,715 [main] INFO org.example.Armstrong - getting length of given number
2026-04-15 22:51:40,715 [main] INFO org.example.Armstrong - adding the digits of number
2026-04-15 22:51:40,715 [main] INFO org.example.Armstrong - checking if sum is equal to given number
getting length of given number
adding the digits of number
checking if sum is equal to given number
getting length of given number
adding the digits of number
checking if sum is equal to given number
getting length of given number
adding the digits of number
checking if sum is equal to given number
getting length of given number
adding the digits of number
checking if sum is equal to given number
getting length of given number
adding the digits of number
checking if sum is equal to given number
getting length of given number
adding the digits of number
checking if sum is equal to given number
getting length of given number
adding the digits of number
checking if sum is equal to given number
{"@version":1,"source_host":"deepu_36","message":"getting length of given number","thread_name":"main","@timestamp":"2026-04-15T22:57:00.616-0500","level":"INFO","logger_name":"org.example.Armstrong"}
{"@version":1,"source_host":"deepu_36","message":"adding the digits of number","thread_name":"main","@timestamp":"2026-04-15T22:57:00.625-0500","level":"INFO","logger_name":"org.example.Armstrong"}
{"@version":1,"source_host":"deepu_36","message":"checking if sum is equal to given number","thread_name":"main","@timestamp":"2026-04-15T22:57:00.625-0500","level":"INFO","logger_name":"org.example.Armstrong"}
{"@version":1,"source_host":"deepu_36","message":"getting length of given number","thread_name":"main","@timestamp":"2026-04-15T22:57:00.669-0500","level":"INFO","logger_name":"org.example.Armstrong"}
{"@version":1,"source_host":"deepu_36","message":"adding the digits of number","thread_name":"main","@timestamp":"2026-04-15T22:57:00.670-0500","level":"INFO","logger_name":"org.example.Armstrong"}
{"@version":1,"source_host":"deepu_36","message":"checking if sum is equal to given number","thread_name":"main","@timestamp":"2026-04-15T22:57:00.671-0500","level":"INFO","logger_name":"org.example.Armstrong"}
{"@version":1,"source_host":"deepu_36","message":"getting length of given number","thread_name":"main","@timestamp":"2026-04-15T22:57:00.678-0500","level":"INFO","logger_name":"org.example.Armstrong"}
{"@version":1,"source_host":"deepu_36","message":"adding the digits of number","thread_name":"main","@timestamp":"2026-04-15T22:57:00.679-0500","level":"INFO","logger_name":"org.example.Armstrong"}
{"@version":1,"source_host":"deepu_36","message":"checking if sum is equal to given number","thread_name":"main","@timestamp":"2026-04-15T22:57:00.679-0500","level":"INFO","logger_name":"org.example.Armstrong"}
{"@version":1,"source_host":"deepu_36","message":"getting length of given number","thread_name":"main","@timestamp":"2026-04-15T22:57:00.819-0500","level":"INFO","logger_name":"org.example.Armstrong"}
{"@version":1,"source_host":"deepu_36","message":"adding the digits of number","thread_name":"main","@timestamp":"2026-04-15T22:57:00.820-0500","level":"INFO","logger_name":"org.example.Armstrong"}
{"@version":1,"source_host":"deepu_36","message":"checking if sum is equal to given number","thread_name":"main","@timestamp":"2026-04-15T22:57:00.820-0500","level":"INFO","logger_name":"org.example.Armstrong"}
{"@version":1,"source_host":"deepu_36","message":"getting length of given number","thread_name":"main","@timestamp":"2026-04-15T22:57:00.855-0500","level":"INFO","logger_name":"org.example.Armstrong"}
{"@version":1,"source_host":"deepu_36","message":"adding the digits of number","thread_name":"main","@timestamp":"2026-04-15T22:57:00.856-0500","level":"INFO","logger_name":"org.example.Armstrong"}
{"@version":1,"source_host":"deepu_36","message":"checking if sum is equal to given number","thread_name":"main","@timestamp":"2026-04-15T22:57:00.857-0500","level":"INFO","logger_name":"org.example.Armstrong"}
{"@version":1,"source_host":"deepu_36","message":"getting length of given number","thread_name":"main","@timestamp":"2026-04-15T22:57:00.863-0500","level":"INFO","logger_name":"org.example.Armstrong"}
{"@version":1,"source_host":"deepu_36","message":"adding the digits of number","thread_name":"main","@timestamp":"2026-04-15T22:57:00.864-0500","level":"INFO","logger_name":"org.example.Armstrong"}
{"@version":1,"source_host":"deepu_36","message":"checking if sum is equal to given number","thread_name":"main","@timestamp":"2026-04-15T22:57:00.865-0500","level":"INFO","logger_name":"org.example.Armstrong"}
{"@version":1,"source_host":"deepu_36","message":"getting length of given number","thread_name":"main","@timestamp":"2026-04-15T22:57:00.874-0500","level":"INFO","logger_name":"org.example.Armstrong"}
{"@version":1,"source_host":"deepu_36","message":"adding the digits of number","thread_name":"main","@timestamp":"2026-04-15T22:57:00.875-0500","level":"INFO","logger_name":"org.example.Armstrong"}
{"@version":1,"source_host":"deepu_36","message":"checking if sum is equal to given number","thread_name":"main","@timestamp":"2026-04-15T22:57:00.875-0500","level":"INFO","logger_name":"org.example.Armstrong"}
